{"/home/tolgabrk/projects/Auto-Company/projects/explain-analyzer/src/analyzer.ts": {"path":"/home/tolgabrk/projects/Auto-Company/projects/explain-analyzer/src/analyzer.ts","statementMap":{"0":{"start":{"line":12,"column":7},"end":{"line":16,"column":null}},"1":{"start":{"line":13,"column":2},"end":{"line":13,"column":null}},"2":{"start":{"line":14,"column":2},"end":{"line":14,"column":null}},"3":{"start":{"line":15,"column":2},"end":{"line":15,"column":null}},"4":{"start":{"line":31,"column":48},"end":{"line":80,"column":null}},"5":{"start":{"line":127,"column":30},"end":{"line":127,"column":null}},"6":{"start":{"line":129,"column":2},"end":{"line":174,"column":null}},"7":{"start":{"line":130,"column":4},"end":{"line":173,"column":null}},"8":{"start":{"line":131,"column":23},"end":{"line":131,"column":null}},"9":{"start":{"line":132,"column":20},"end":{"line":132,"column":null}},"10":{"start":{"line":133,"column":25},"end":{"line":133,"column":null}},"11":{"start":{"line":134,"column":23},"end":{"line":134,"column":null}},"12":{"start":{"line":137,"column":21},"end":{"line":137,"column":null}},"13":{"start":{"line":138,"column":24},"end":{"line":138,"column":null}},"14":{"start":{"line":140,"column":20},"end":{"line":140,"column":null}},"15":{"start":{"line":144,"column":6},"end":{"line":149,"column":null}},"16":{"start":{"line":145,"column":28},"end":{"line":145,"column":null}},"17":{"start":{"line":146,"column":8},"end":{"line":148,"column":null}},"18":{"start":{"line":147,"column":10},"end":{"line":147,"column":null}},"19":{"start":{"line":151,"column":6},"end":{"line":158,"column":null}},"20":{"start":{"line":152,"column":8},"end":{"line":152,"column":null}},"21":{"start":{"line":153,"column":8},"end":{"line":155,"column":null}},"22":{"start":{"line":154,"column":10},"end":{"line":154,"column":null}},"23":{"start":{"line":156,"column":13},"end":{"line":158,"column":null}},"24":{"start":{"line":157,"column":8},"end":{"line":157,"column":null}},"25":{"start":{"line":160,"column":6},"end":{"line":172,"column":null}},"26":{"start":{"line":176,"column":2},"end":{"line":176,"column":null}},"27":{"start":{"line":183,"column":30},"end":{"line":183,"column":null}},"28":{"start":{"line":185,"column":2},"end":{"line":211,"column":null}},"29":{"start":{"line":186,"column":21},"end":{"line":186,"column":null}},"30":{"start":{"line":188,"column":4},"end":{"line":210,"column":null}},"31":{"start":{"line":189,"column":25},"end":{"line":189,"column":null}},"32":{"start":{"line":190,"column":23},"end":{"line":190,"column":null}},"33":{"start":{"line":192,"column":20},"end":{"line":192,"column":null}},"34":{"start":{"line":193,"column":6},"end":{"line":195,"column":null}},"35":{"start":{"line":194,"column":8},"end":{"line":194,"column":null}},"36":{"start":{"line":197,"column":25},"end":{"line":197,"column":null}},"37":{"start":{"line":199,"column":6},"end":{"line":209,"column":null}},"38":{"start":{"line":213,"column":2},"end":{"line":213,"column":null}},"39":{"start":{"line":220,"column":30},"end":{"line":220,"column":null}},"40":{"start":{"line":222,"column":2},"end":{"line":247,"column":null}},"41":{"start":{"line":223,"column":23},"end":{"line":223,"column":null}},"42":{"start":{"line":224,"column":26},"end":{"line":224,"column":null}},"43":{"start":{"line":226,"column":4},"end":{"line":246,"column":null}},"44":{"start":{"line":227,"column":28},"end":{"line":227,"column":null}},"45":{"start":{"line":228,"column":23},"end":{"line":228,"column":null}},"46":{"start":{"line":230,"column":22},"end":{"line":230,"column":null}},"47":{"start":{"line":231,"column":25},"end":{"line":231,"column":null}},"48":{"start":{"line":233,"column":6},"end":{"line":245,"column":null}},"49":{"start":{"line":249,"column":2},"end":{"line":249,"column":null}},"50":{"start":{"line":256,"column":30},"end":{"line":256,"column":null}},"51":{"start":{"line":258,"column":2},"end":{"line":279,"column":null}},"52":{"start":{"line":259,"column":19},"end":{"line":259,"column":null}},"53":{"start":{"line":260,"column":22},"end":{"line":260,"column":null}},"54":{"start":{"line":261,"column":21},"end":{"line":261,"column":null}},"55":{"start":{"line":262,"column":21},"end":{"line":262,"column":null}},"56":{"start":{"line":265,"column":4},"end":{"line":278,"column":null}},"57":{"start":{"line":266,"column":22},"end":{"line":266,"column":null}},"58":{"start":{"line":267,"column":25},"end":{"line":267,"column":null}},"59":{"start":{"line":269,"column":6},"end":{"line":277,"column":null}},"60":{"start":{"line":281,"column":2},"end":{"line":281,"column":null}},"61":{"start":{"line":288,"column":30},"end":{"line":288,"column":null}},"62":{"start":{"line":290,"column":2},"end":{"line":320,"column":null}},"63":{"start":{"line":291,"column":21},"end":{"line":291,"column":null}},"64":{"start":{"line":292,"column":23},"end":{"line":292,"column":null}},"65":{"start":{"line":294,"column":4},"end":{"line":319,"column":null}},"66":{"start":{"line":295,"column":20},"end":{"line":295,"column":null}},"67":{"start":{"line":298,"column":6},"end":{"line":318,"column":null}},"68":{"start":{"line":299,"column":25},"end":{"line":299,"column":null}},"69":{"start":{"line":300,"column":25},"end":{"line":300,"column":null}},"70":{"start":{"line":302,"column":24},"end":{"line":302,"column":null}},"71":{"start":{"line":303,"column":27},"end":{"line":303,"column":null}},"72":{"start":{"line":305,"column":8},"end":{"line":317,"column":null}},"73":{"start":{"line":322,"column":2},"end":{"line":322,"column":null}},"74":{"start":{"line":329,"column":30},"end":{"line":329,"column":null}},"75":{"start":{"line":331,"column":2},"end":{"line":370,"column":null}},"76":{"start":{"line":332,"column":21},"end":{"line":332,"column":null}},"77":{"start":{"line":334,"column":4},"end":{"line":369,"column":null}},"78":{"start":{"line":335,"column":29},"end":{"line":335,"column":null}},"79":{"start":{"line":336,"column":30},"end":{"line":336,"column":null}},"80":{"start":{"line":337,"column":25},"end":{"line":337,"column":null}},"81":{"start":{"line":339,"column":20},"end":{"line":339,"column":null}},"82":{"start":{"line":340,"column":6},"end":{"line":346,"column":null}},"83":{"start":{"line":341,"column":8},"end":{"line":341,"column":null}},"84":{"start":{"line":342,"column":8},"end":{"line":344,"column":null}},"85":{"start":{"line":343,"column":10},"end":{"line":343,"column":null}},"86":{"start":{"line":345,"column":8},"end":{"line":345,"column":null}},"87":{"start":{"line":349,"column":6},"end":{"line":355,"column":null}},"88":{"start":{"line":350,"column":8},"end":{"line":350,"column":null}},"89":{"start":{"line":351,"column":13},"end":{"line":355,"column":null}},"90":{"start":{"line":352,"column":8},"end":{"line":352,"column":null}},"91":{"start":{"line":354,"column":8},"end":{"line":354,"column":null}},"92":{"start":{"line":357,"column":6},"end":{"line":368,"column":null}},"93":{"start":{"line":372,"column":2},"end":{"line":372,"column":null}},"94":{"start":{"line":379,"column":30},"end":{"line":379,"column":null}},"95":{"start":{"line":381,"column":2},"end":{"line":415,"column":null}},"96":{"start":{"line":382,"column":21},"end":{"line":382,"column":null}},"97":{"start":{"line":384,"column":4},"end":{"line":414,"column":null}},"98":{"start":{"line":385,"column":22},"end":{"line":385,"column":null}},"99":{"start":{"line":386,"column":25},"end":{"line":386,"column":null}},"100":{"start":{"line":387,"column":26},"end":{"line":387,"column":null}},"101":{"start":{"line":389,"column":20},"end":{"line":389,"column":null}},"102":{"start":{"line":390,"column":6},"end":{"line":392,"column":null}},"103":{"start":{"line":391,"column":8},"end":{"line":391,"column":null}},"104":{"start":{"line":395,"column":6},"end":{"line":400,"column":null}},"105":{"start":{"line":396,"column":27},"end":{"line":396,"column":null}},"106":{"start":{"line":397,"column":8},"end":{"line":397,"column":null}},"107":{"start":{"line":399,"column":8},"end":{"line":399,"column":null}},"108":{"start":{"line":402,"column":6},"end":{"line":413,"column":null}},"109":{"start":{"line":417,"column":2},"end":{"line":417,"column":null}},"110":{"start":{"line":425,"column":30},"end":{"line":425,"column":null}},"111":{"start":{"line":428,"column":29},"end":{"line":432,"column":null}},"112":{"start":{"line":429,"column":9},"end":{"line":431,"column":null}},"113":{"start":{"line":435,"column":26},"end":{"line":435,"column":null}},"114":{"start":{"line":435,"column":39},"end":{"line":435,"column":60}},"115":{"start":{"line":436,"column":2},"end":{"line":448,"column":null}},"116":{"start":{"line":437,"column":4},"end":{"line":447,"column":null}},"117":{"start":{"line":451,"column":25},"end":{"line":455,"column":null}},"118":{"start":{"line":452,"column":9},"end":{"line":454,"column":null}},"119":{"start":{"line":457,"column":2},"end":{"line":467,"column":null}},"120":{"start":{"line":458,"column":4},"end":{"line":466,"column":null}},"121":{"start":{"line":464,"column":48},"end":{"line":464,"column":103}},"122":{"start":{"line":469,"column":2},"end":{"line":469,"column":null}},"123":{"start":{"line":476,"column":2},"end":{"line":478,"column":null}},"124":{"start":{"line":477,"column":4},"end":{"line":477,"column":null}},"125":{"start":{"line":480,"column":2},"end":{"line":482,"column":null}},"126":{"start":{"line":481,"column":4},"end":{"line":481,"column":null}},"127":{"start":{"line":484,"column":2},"end":{"line":486,"column":null}},"128":{"start":{"line":485,"column":4},"end":{"line":485,"column":null}},"129":{"start":{"line":488,"column":2},"end":{"line":490,"column":null}},"130":{"start":{"line":489,"column":4},"end":{"line":489,"column":null}},"131":{"start":{"line":492,"column":2},"end":{"line":492,"column":null}},"132":{"start":{"line":500,"column":21},"end":{"line":500,"column":null}},"133":{"start":{"line":501,"column":2},"end":{"line":521,"column":null}},"134":{"start":{"line":502,"column":4},"end":{"line":520,"column":null}},"135":{"start":{"line":523,"column":19},"end":{"line":523,"column":null}},"136":{"start":{"line":524,"column":8},"end":{"line":524,"column":null}},"137":{"start":{"line":525,"column":26},"end":{"line":525,"column":null}},"138":{"start":{"line":525,"column":42},"end":{"line":525,"column":63}},"139":{"start":{"line":528,"column":30},"end":{"line":537,"column":null}},"140":{"start":{"line":540,"column":18},"end":{"line":545,"column":null}},"141":{"start":{"line":541,"column":42},"end":{"line":541,"column":70}},"142":{"start":{"line":542,"column":38},"end":{"line":542,"column":62}},"143":{"start":{"line":543,"column":37},"end":{"line":543,"column":60}},"144":{"start":{"line":544,"column":45},"end":{"line":544,"column":75}},"145":{"start":{"line":547,"column":2},"end":{"line":557,"column":null}},"146":{"start":{"line":564,"column":2},"end":{"line":564,"column":null}},"147":{"start":{"line":564,"column":36},"end":{"line":564,"column":null}},"148":{"start":{"line":566,"column":22},"end":{"line":566,"column":null}},"149":{"start":{"line":566,"column":48},"end":{"line":566,"column":80}},"150":{"start":{"line":567,"column":21},"end":{"line":567,"column":null}},"151":{"start":{"line":567,"column":47},"end":{"line":567,"column":78}},"152":{"start":{"line":569,"column":2},"end":{"line":569,"column":null}},"153":{"start":{"line":569,"column":33},"end":{"line":569,"column":null}},"154":{"start":{"line":570,"column":2},"end":{"line":570,"column":null}}},"fnMap":{"0":{"name":"(anonymous_0)","decl":{"start":{"line":12,"column":7},"end":{"line":12,"column":12}},"loc":{"start":{"line":12,"column":7},"end":{"line":16,"column":null}},"line":12},"1":{"name":"detectSequentialScans","decl":{"start":{"line":126,"column":16},"end":{"line":126,"column":38}},"loc":{"start":{"line":126,"column":68},"end":{"line":177,"column":null}},"line":126},"2":{"name":"detectNestedLoops","decl":{"start":{"line":182,"column":16},"end":{"line":182,"column":34}},"loc":{"start":{"line":182,"column":64},"end":{"line":214,"column":null}},"line":182},"3":{"name":"detectSortSpills","decl":{"start":{"line":219,"column":16},"end":{"line":219,"column":33}},"loc":{"start":{"line":219,"column":63},"end":{"line":250,"column":null}},"line":219},"4":{"name":"detectFilterUnindexed","decl":{"start":{"line":255,"column":16},"end":{"line":255,"column":38}},"loc":{"start":{"line":255,"column":68},"end":{"line":282,"column":null}},"line":255},"5":{"name":"detectEstimateMismatches","decl":{"start":{"line":287,"column":16},"end":{"line":287,"column":41}},"loc":{"start":{"line":287,"column":71},"end":{"line":323,"column":null}},"line":287},"6":{"name":"detectParallelWorkers","decl":{"start":{"line":328,"column":16},"end":{"line":328,"column":38}},"loc":{"start":{"line":328,"column":68},"end":{"line":373,"column":null}},"line":328},"7":{"name":"detectCteScans","decl":{"start":{"line":378,"column":16},"end":{"line":378,"column":31}},"loc":{"start":{"line":378,"column":61},"end":{"line":418,"column":null}},"line":378},"8":{"name":"detectPartialResults","decl":{"start":{"line":424,"column":16},"end":{"line":424,"column":37}},"loc":{"start":{"line":424,"column":91},"end":{"line":470,"column":null}},"line":424},"9":{"name":"(anonymous_9)","decl":{"start":{"line":428,"column":35},"end":{"line":428,"column":null}},"loc":{"start":{"line":429,"column":9},"end":{"line":431,"column":null}},"line":429},"10":{"name":"(anonymous_10)","decl":{"start":{"line":435,"column":32},"end":{"line":435,"column":39}},"loc":{"start":{"line":435,"column":39},"end":{"line":435,"column":60}},"line":435},"11":{"name":"(anonymous_11)","decl":{"start":{"line":451,"column":31},"end":{"line":451,"column":null}},"loc":{"start":{"line":452,"column":9},"end":{"line":454,"column":null}},"line":452},"12":{"name":"(anonymous_12)","decl":{"start":{"line":464,"column":38},"end":{"line":464,"column":42}},"loc":{"start":{"line":464,"column":48},"end":{"line":464,"column":103}},"line":464},"13":{"name":"validateExplainOutput","decl":{"start":{"line":475,"column":16},"end":{"line":475,"column":38}},"loc":{"start":{"line":475,"column":98},"end":{"line":493,"column":null}},"line":475},"14":{"name":"analyzeExplain","decl":{"start":{"line":498,"column":16},"end":{"line":498,"column":31}},"loc":{"start":{"line":498,"column":71},"end":{"line":558,"column":null}},"line":498},"15":{"name":"(anonymous_15)","decl":{"start":{"line":525,"column":35},"end":{"line":525,"column":42}},"loc":{"start":{"line":525,"column":42},"end":{"line":525,"column":63}},"line":525},"16":{"name":"(anonymous_16)","decl":{"start":{"line":541,"column":30},"end":{"line":541,"column":37}},"loc":{"start":{"line":541,"column":42},"end":{"line":541,"column":70}},"line":541},"17":{"name":"(anonymous_17)","decl":{"start":{"line":542,"column":26},"end":{"line":542,"column":33}},"loc":{"start":{"line":542,"column":38},"end":{"line":542,"column":62}},"line":542},"18":{"name":"(anonymous_18)","decl":{"start":{"line":543,"column":25},"end":{"line":543,"column":32}},"loc":{"start":{"line":543,"column":37},"end":{"line":543,"column":60}},"line":543},"19":{"name":"(anonymous_19)","decl":{"start":{"line":544,"column":33},"end":{"line":544,"column":40}},"loc":{"start":{"line":544,"column":45},"end":{"line":544,"column":75}},"line":544},"20":{"name":"getExitCode","decl":{"start":{"line":563,"column":16},"end":{"line":563,"column":28}},"loc":{"start":{"line":563,"column":60},"end":{"line":571,"column":null}},"line":563},"21":{"name":"(anonymous_21)","decl":{"start":{"line":566,"column":38},"end":{"line":566,"column":43}},"loc":{"start":{"line":566,"column":48},"end":{"line":566,"column":80}},"line":566},"22":{"name":"(anonymous_22)","decl":{"start":{"line":567,"column":37},"end":{"line":567,"column":42}},"loc":{"start":{"line":567,"column":47},"end":{"line":567,"column":78}},"line":567}},"branchMap":{"0":{"loc":{"start":{"line":130,"column":4},"end":{"line":173,"column":null}},"type":"if","locations":[{"start":{"line":130,"column":4},"end":{"line":173,"column":null}},{"start":{},"end":{}}],"line":130},"1":{"loc":{"start":{"line":131,"column":23},"end":{"line":131,"column":null}},"type":"binary-expr","locations":[{"start":{"line":131,"column":23},"end":{"line":131,"column":48}},{"start":{"line":131,"column":48},"end":{"line":131,"column":null}}],"line":131},"2":{"loc":{"start":{"line":132,"column":20},"end":{"line":132,"column":null}},"type":"binary-expr","locations":[{"start":{"line":132,"column":20},"end":{"line":132,"column":37}},{"start":{"line":132,"column":37},"end":{"line":132,"column":null}}],"line":132},"3":{"loc":{"start":{"line":144,"column":6},"end":{"line":149,"column":null}},"type":"if","locations":[{"start":{"line":144,"column":6},"end":{"line":149,"column":null}},{"start":{},"end":{}}],"line":144},"4":{"loc":{"start":{"line":144,"column":10},"end":{"line":144,"column":62}},"type":"binary-expr","locations":[{"start":{"line":144,"column":10},"end":{"line":144,"column":38}},{"start":{"line":144,"column":38},"end":{"line":144,"column":62}}],"line":144},"5":{"loc":{"start":{"line":145,"column":42},"end":{"line":145,"column":null}},"type":"binary-expr","locations":[{"start":{"line":145,"column":42},"end":{"line":145,"column":54}},{"start":{"line":145,"column":54},"end":{"line":145,"column":null}}],"line":145},"6":{"loc":{"start":{"line":146,"column":8},"end":{"line":148,"column":null}},"type":"if","locations":[{"start":{"line":146,"column":8},"end":{"line":148,"column":null}},{"start":{},"end":{}}],"line":146},"7":{"loc":{"start":{"line":146,"column":12},"end":{"line":146,"column":52}},"type":"binary-expr","locations":[{"start":{"line":146,"column":12},"end":{"line":146,"column":33}},{"start":{"line":146,"column":33},"end":{"line":146,"column":52}}],"line":146},"8":{"loc":{"start":{"line":151,"column":6},"end":{"line":158,"column":null}},"type":"if","locations":[{"start":{"line":151,"column":6},"end":{"line":158,"column":null}},{"start":{"line":156,"column":13},"end":{"line":158,"column":null}}],"line":151},"9":{"loc":{"start":{"line":151,"column":10},"end":{"line":151,"column":32}},"type":"binary-expr","locations":[{"start":{"line":151,"column":10},"end":{"line":151,"column":20}},{"start":{"line":151,"column":20},"end":{"line":151,"column":32}}],"line":151},"10":{"loc":{"start":{"line":153,"column":8},"end":{"line":155,"column":null}},"type":"if","locations":[{"start":{"line":153,"column":8},"end":{"line":155,"column":null}},{"start":{},"end":{}}],"line":153},"11":{"loc":{"start":{"line":156,"column":13},"end":{"line":158,"column":null}},"type":"if","locations":[{"start":{"line":156,"column":13},"end":{"line":158,"column":null}},{"start":{},"end":{}}],"line":156},"12":{"loc":{"start":{"line":162,"column":18},"end":{"line":162,"column":null}},"type":"cond-expr","locations":[{"start":{"line":162,"column":59},"end":{"line":162,"column":null}},{"start":{"line":162,"column":59},"end":{"line":162,"column":null}}],"line":162},"13":{"loc":{"start":{"line":162,"column":18},"end":{"line":162,"column":null}},"type":"binary-expr","locations":[{"start":{"line":162,"column":18},"end":{"line":162,"column":46}},{"start":{"line":162,"column":46},"end":{"line":162,"column":null}}],"line":162},"14":{"loc":{"start":{"line":188,"column":4},"end":{"line":210,"column":null}},"type":"if","locations":[{"start":{"line":188,"column":4},"end":{"line":210,"column":null}},{"start":{},"end":{}}],"line":188},"15":{"loc":{"start":{"line":188,"column":8},"end":{"line":188,"column":73}},"type":"binary-expr","locations":[{"start":{"line":188,"column":8},"end":{"line":188,"column":38}},{"start":{"line":188,"column":38},"end":{"line":188,"column":73}}],"line":188},"16":{"loc":{"start":{"line":193,"column":6},"end":{"line":195,"column":null}},"type":"if","locations":[{"start":{"line":193,"column":6},"end":{"line":195,"column":null}},{"start":{},"end":{}}],"line":193},"17":{"loc":{"start":{"line":201,"column":18},"end":{"line":201,"column":null}},"type":"cond-expr","locations":[{"start":{"line":201,"column":45},"end":{"line":201,"column":null}},{"start":{"line":201,"column":45},"end":{"line":201,"column":null}}],"line":201},"18":{"loc":{"start":{"line":201,"column":18},"end":{"line":201,"column":null}},"type":"binary-expr","locations":[{"start":{"line":201,"column":18},"end":{"line":201,"column":32}},{"start":{"line":201,"column":32},"end":{"line":201,"column":null}}],"line":201},"19":{"loc":{"start":{"line":226,"column":4},"end":{"line":246,"column":null}},"type":"if","locations":[{"start":{"line":226,"column":4},"end":{"line":246,"column":null}},{"start":{},"end":{}}],"line":226},"20":{"loc":{"start":{"line":226,"column":8},"end":{"line":226,"column":68}},"type":"binary-expr","locations":[{"start":{"line":226,"column":8},"end":{"line":226,"column":42}},{"start":{"line":226,"column":42},"end":{"line":226,"column":68}}],"line":226},"21":{"loc":{"start":{"line":228,"column":23},"end":{"line":228,"column":null}},"type":"binary-expr","locations":[{"start":{"line":228,"column":23},"end":{"line":228,"column":48}},{"start":{"line":228,"column":48},"end":{"line":228,"column":null}}],"line":228},"22":{"loc":{"start":{"line":265,"column":4},"end":{"line":278,"column":null}},"type":"if","locations":[{"start":{"line":265,"column":4},"end":{"line":278,"column":null}},{"start":{},"end":{}}],"line":265},"23":{"loc":{"start":{"line":265,"column":8},"end":{"line":265,"column":94}},"type":"binary-expr","locations":[{"start":{"line":265,"column":8},"end":{"line":265,"column":18}},{"start":{"line":265,"column":18},"end":{"line":265,"column":33}},{"start":{"line":265,"column":33},"end":{"line":265,"column":60}},{"start":{"line":265,"column":60},"end":{"line":265,"column":94}}],"line":265},"24":{"loc":{"start":{"line":294,"column":4},"end":{"line":319,"column":null}},"type":"if","locations":[{"start":{"line":294,"column":4},"end":{"line":319,"column":null}},{"start":{},"end":{}}],"line":294},"25":{"loc":{"start":{"line":294,"column":8},"end":{"line":294,"column":76}},"type":"binary-expr","locations":[{"start":{"line":294,"column":8},"end":{"line":294,"column":34}},{"start":{"line":294,"column":34},"end":{"line":294,"column":62}},{"start":{"line":294,"column":62},"end":{"line":294,"column":76}}],"line":294},"26":{"loc":{"start":{"line":298,"column":6},"end":{"line":318,"column":null}},"type":"if","locations":[{"start":{"line":298,"column":6},"end":{"line":318,"column":null}},{"start":{},"end":{}}],"line":298},"27":{"loc":{"start":{"line":298,"column":10},"end":{"line":298,"column":37}},"type":"binary-expr","locations":[{"start":{"line":298,"column":10},"end":{"line":298,"column":24}},{"start":{"line":298,"column":24},"end":{"line":298,"column":37}}],"line":298},"28":{"loc":{"start":{"line":300,"column":25},"end":{"line":300,"column":null}},"type":"binary-expr","locations":[{"start":{"line":300,"column":25},"end":{"line":300,"column":50}},{"start":{"line":300,"column":50},"end":{"line":300,"column":null}}],"line":300},"29":{"loc":{"start":{"line":307,"column":20},"end":{"line":307,"column":null}},"type":"cond-expr","locations":[{"start":{"line":307,"column":43},"end":{"line":307,"column":null}},{"start":{"line":307,"column":43},"end":{"line":307,"column":null}}],"line":307},"30":{"loc":{"start":{"line":307,"column":20},"end":{"line":307,"column":null}},"type":"binary-expr","locations":[{"start":{"line":307,"column":20},"end":{"line":307,"column":35}},{"start":{"line":307,"column":35},"end":{"line":307,"column":null}}],"line":307},"31":{"loc":{"start":{"line":334,"column":4},"end":{"line":369,"column":null}},"type":"if","locations":[{"start":{"line":334,"column":4},"end":{"line":369,"column":null}},{"start":{},"end":{}}],"line":334},"32":{"loc":{"start":{"line":334,"column":8},"end":{"line":334,"column":62}},"type":"binary-expr","locations":[{"start":{"line":334,"column":8},"end":{"line":334,"column":33}},{"start":{"line":334,"column":33},"end":{"line":334,"column":62}}],"line":334},"33":{"loc":{"start":{"line":340,"column":6},"end":{"line":346,"column":null}},"type":"if","locations":[{"start":{"line":340,"column":6},"end":{"line":346,"column":null}},{"start":{},"end":{}}],"line":340},"34":{"loc":{"start":{"line":342,"column":8},"end":{"line":344,"column":null}},"type":"if","locations":[{"start":{"line":342,"column":8},"end":{"line":344,"column":null}},{"start":{},"end":{}}],"line":342},"35":{"loc":{"start":{"line":349,"column":6},"end":{"line":355,"column":null}},"type":"if","locations":[{"start":{"line":349,"column":6},"end":{"line":355,"column":null}},{"start":{"line":351,"column":13},"end":{"line":355,"column":null}}],"line":349},"36":{"loc":{"start":{"line":349,"column":10},"end":{"line":349,"column":109}},"type":"binary-expr","locations":[{"start":{"line":349,"column":10},"end":{"line":349,"column":43}},{"start":{"line":349,"column":43},"end":{"line":349,"column":75}},{"start":{"line":349,"column":75},"end":{"line":349,"column":109}}],"line":349},"37":{"loc":{"start":{"line":351,"column":13},"end":{"line":355,"column":null}},"type":"if","locations":[{"start":{"line":351,"column":13},"end":{"line":355,"column":null}},{"start":{"line":353,"column":13},"end":{"line":355,"column":null}}],"line":351},"38":{"loc":{"start":{"line":384,"column":4},"end":{"line":414,"column":null}},"type":"if","locations":[{"start":{"line":384,"column":4},"end":{"line":414,"column":null}},{"start":{},"end":{}}],"line":384},"39":{"loc":{"start":{"line":384,"column":8},"end":{"line":384,"column":60}},"type":"binary-expr","locations":[{"start":{"line":384,"column":8},"end":{"line":384,"column":35}},{"start":{"line":384,"column":35},"end":{"line":384,"column":60}}],"line":384},"40":{"loc":{"start":{"line":390,"column":6},"end":{"line":392,"column":null}},"type":"if","locations":[{"start":{"line":390,"column":6},"end":{"line":392,"column":null}},{"start":{},"end":{}}],"line":390},"41":{"loc":{"start":{"line":395,"column":6},"end":{"line":400,"column":null}},"type":"if","locations":[{"start":{"line":395,"column":6},"end":{"line":400,"column":null}},{"start":{"line":398,"column":13},"end":{"line":400,"column":null}}],"line":395},"42":{"loc":{"start":{"line":395,"column":10},"end":{"line":395,"column":56}},"type":"binary-expr","locations":[{"start":{"line":395,"column":10},"end":{"line":395,"column":25}},{"start":{"line":395,"column":25},"end":{"line":395,"column":44}},{"start":{"line":395,"column":44},"end":{"line":395,"column":56}}],"line":395},"43":{"loc":{"start":{"line":429,"column":9},"end":{"line":431,"column":null}},"type":"binary-expr","locations":[{"start":{"line":429,"column":9},"end":{"line":429,"column":null}},{"start":{"line":430,"column":9},"end":{"line":430,"column":null}},{"start":{"line":431,"column":9},"end":{"line":431,"column":null}}],"line":429},"44":{"loc":{"start":{"line":436,"column":2},"end":{"line":448,"column":null}},"type":"if","locations":[{"start":{"line":436,"column":2},"end":{"line":448,"column":null}},{"start":{},"end":{}}],"line":436},"45":{"loc":{"start":{"line":436,"column":6},"end":{"line":436,"column":88}},"type":"binary-expr","locations":[{"start":{"line":436,"column":6},"end":{"line":436,"column":36}},{"start":{"line":436,"column":36},"end":{"line":436,"column":88}}],"line":436},"46":{"loc":{"start":{"line":452,"column":9},"end":{"line":454,"column":null}},"type":"binary-expr","locations":[{"start":{"line":452,"column":9},"end":{"line":452,"column":null}},{"start":{"line":453,"column":9},"end":{"line":453,"column":null}},{"start":{"line":454,"column":9},"end":{"line":454,"column":null}}],"line":452},"47":{"loc":{"start":{"line":457,"column":2},"end":{"line":467,"column":null}},"type":"if","locations":[{"start":{"line":457,"column":2},"end":{"line":467,"column":null}},{"start":{},"end":{}}],"line":457},"48":{"loc":{"start":{"line":457,"column":6},"end":{"line":457,"column":63}},"type":"binary-expr","locations":[{"start":{"line":457,"column":6},"end":{"line":457,"column":35}},{"start":{"line":457,"column":35},"end":{"line":457,"column":63}}],"line":457},"49":{"loc":{"start":{"line":476,"column":2},"end":{"line":478,"column":null}},"type":"if","locations":[{"start":{"line":476,"column":2},"end":{"line":478,"column":null}},{"start":{},"end":{}}],"line":476},"50":{"loc":{"start":{"line":480,"column":2},"end":{"line":482,"column":null}},"type":"if","locations":[{"start":{"line":480,"column":2},"end":{"line":482,"column":null}},{"start":{},"end":{}}],"line":480},"51":{"loc":{"start":{"line":484,"column":2},"end":{"line":486,"column":null}},"type":"if","locations":[{"start":{"line":484,"column":2},"end":{"line":486,"column":null}},{"start":{},"end":{}}],"line":484},"52":{"loc":{"start":{"line":484,"column":6},"end":{"line":484,"column":39}},"type":"binary-expr","locations":[{"start":{"line":484,"column":6},"end":{"line":484,"column":21}},{"start":{"line":484,"column":21},"end":{"line":484,"column":39}}],"line":484},"53":{"loc":{"start":{"line":488,"column":2},"end":{"line":490,"column":null}},"type":"if","locations":[{"start":{"line":488,"column":2},"end":{"line":490,"column":null}},{"start":{},"end":{}}],"line":488},"54":{"loc":{"start":{"line":488,"column":6},"end":{"line":488,"column":76}},"type":"binary-expr","locations":[{"start":{"line":488,"column":6},"end":{"line":488,"column":45}},{"start":{"line":488,"column":45},"end":{"line":488,"column":76}}],"line":488},"55":{"loc":{"start":{"line":501,"column":2},"end":{"line":521,"column":null}},"type":"if","locations":[{"start":{"line":501,"column":2},"end":{"line":521,"column":null}},{"start":{},"end":{}}],"line":501},"56":{"loc":{"start":{"line":506,"column":17},"end":{"line":506,"column":null}},"type":"binary-expr","locations":[{"start":{"line":506,"column":17},"end":{"line":506,"column":37}},{"start":{"line":506,"column":37},"end":{"line":506,"column":null}}],"line":506},"57":{"loc":{"start":{"line":564,"column":2},"end":{"line":564,"column":null}},"type":"if","locations":[{"start":{"line":564,"column":2},"end":{"line":564,"column":null}},{"start":{},"end":{}}],"line":564},"58":{"loc":{"start":{"line":569,"column":2},"end":{"line":569,"column":null}},"type":"if","locations":[{"start":{"line":569,"column":2},"end":{"line":569,"column":null}},{"start":{},"end":{}}],"line":569},"59":{"loc":{"start":{"line":569,"column":6},"end":{"line":569,"column":33}},"type":"binary-expr","locations":[{"start":{"line":569,"column":6},"end":{"line":569,"column":21}},{"start":{"line":569,"column":21},"end":{"line":569,"column":33}}],"line":569}},"s":{"0":1,"1":1,"2":1,"3":1,"4":1,"5":4,"6":4,"7":4,"8":2,"9":2,"10":2,"11":2,"12":2,"13":2,"14":2,"15":2,"16":2,"17":2,"18":0,"19":2,"20":2,"21":2,"22":2,"23":0,"24":0,"25":2,"26":4,"27":3,"28":3,"29":3,"30":3,"31":2,"32":2,"33":2,"34":2,"35":2,"36":2,"37":2,"38":3,"39":3,"40":3,"41":3,"42":3,"43":3,"44":3,"45":3,"46":3,"47":3,"48":3,"49":3,"50":3,"51":3,"52":3,"53":3,"54":3,"55":3,"56":3,"57":1,"58":1,"59":1,"60":3,"61":4,"62":4,"63":4,"64":4,"65":4,"66":4,"67":4,"68":2,"69":2,"70":2,"71":2,"72":2,"73":4,"74":4,"75":4,"76":4,"77":4,"78":3,"79":3,"80":3,"81":3,"82":3,"83":3,"84":3,"85":2,"86":3,"87":3,"88":1,"89":2,"90":0,"91":2,"92":3,"93":4,"94":3,"95":3,"96":3,"97":3,"98":2,"99":2,"100":2,"101":2,"102":2,"103":2,"104":2,"105":1,"106":1,"107":1,"108":2,"109":3,"110":1,"111":1,"112":1,"113":1,"114":1,"115":1,"116":0,"117":1,"118":1,"119":1,"120":0,"121":0,"122":1,"123":7,"124":1,"125":6,"126":2,"127":4,"128":1,"129":3,"130":1,"131":2,"132":2,"133":2,"134":1,"135":1,"136":1,"137":1,"138":1,"139":1,"140":1,"141":1,"142":1,"143":1,"144":1,"145":1,"146":0,"147":0,"148":0,"149":0,"150":0,"151":0,"152":0,"153":0,"154":0},"f":{"0":1,"1":4,"2":3,"3":3,"4":3,"5":4,"6":4,"7":3,"8":1,"9":1,"10":1,"11":1,"12":0,"13":7,"14":2,"15":1,"16":1,"17":1,"18":1,"19":1,"20":0,"21":0,"22":0},"b":{"0":[2,2],"1":[2,0],"2":[2,0],"3":[2,0],"4":[2,2],"5":[2,0],"6":[0,2],"7":[2,1],"8":[2,0],"9":[2,2],"10":[2,0],"11":[0,0],"12":[1,1],"13":[2,2],"14":[2,1],"15":[3,1],"16":[2,0],"17":[2,0],"18":[2,2],"19":[3,0],"20":[3,1],"21":[3,3],"22":[1,2],"23":[3,2,1,0],"24":[4,0],"25":[4,4,4],"26":[2,2],"27":[4,3],"28":[2,0],"29":[1,1],"30":[2,2],"31":[3,1],"32":[4,2],"33":[3,0],"34":[2,1],"35":[1,2],"36":[3,2,2],"37":[0,2],"38":[2,1],"39":[3,1],"40":[2,0],"41":[1,1],"42":[2,1,1],"43":[1,1,0],"44":[0,1],"45":[1,1],"46":[1,0,0],"47":[0,1],"48":[1,0],"49":[1,6],"50":[2,4],"51":[1,3],"52":[4,4],"53":[1,2],"54":[3,3],"55":[1,1],"56":[1,0],"57":[0,0],"58":[0,0],"59":[0,0]},"meta":{"lastBranch":60,"lastFunction":23,"lastStatement":155,"seen":{"s:12:7:16:Infinity":0,"f:12:7:12:12":0,"s:13:2:13:Infinity":1,"s:14:2:14:Infinity":2,"s:15:2:15:Infinity":3,"s:31:48:80:Infinity":4,"f:126:16:126:38":1,"s:127:30:127:Infinity":5,"s:129:2:174:Infinity":6,"b:130:4:173:Infinity:undefined:undefined:undefined:undefined":0,"s:130:4:173:Infinity":7,"s:131:23:131:Infinity":8,"b:131:23:131:48:131:48:131:Infinity":1,"s:132:20:132:Infinity":9,"b:132:20:132:37:132:37:132:Infinity":2,"s:133:25:133:Infinity":10,"s:134:23:134:Infinity":11,"s:137:21:137:Infinity":12,"s:138:24:138:Infinity":13,"s:140:20:140:Infinity":14,"b:144:6:149:Infinity:undefined:undefined:undefined:undefined":3,"s:144:6:149:Infinity":15,"b:144:10:144:38:144:38:144:62":4,"s:145:28:145:Infinity":16,"b:145:42:145:54:145:54:145:Infinity":5,"b:146:8:148:Infinity:undefined:undefined:undefined:undefined":6,"s:146:8:148:Infinity":17,"b:146:12:146:33:146:33:146:52":7,"s:147:10:147:Infinity":18,"b:151:6:158:Infinity:156:13:158:Infinity":8,"s:151:6:158:Infinity":19,"b:151:10:151:20:151:20:151:32":9,"s:152:8:152:Infinity":20,"b:153:8:155:Infinity:undefined:undefined:undefined:undefined":10,"s:153:8:155:Infinity":21,"s:154:10:154:Infinity":22,"b:156:13:158:Infinity:undefined:undefined:undefined:undefined":11,"s:156:13:158:Infinity":23,"s:157:8:157:Infinity":24,"s:160:6:172:Infinity":25,"b:162:59:162:Infinity:162:59:162:Infinity":12,"b:162:18:162:46:162:46:162:Infinity":13,"s:176:2:176:Infinity":26,"f:182:16:182:34":2,"s:183:30:183:Infinity":27,"s:185:2:211:Infinity":28,"s:186:21:186:Infinity":29,"b:188:4:210:Infinity:undefined:undefined:undefined:undefined":14,"s:188:4:210:Infinity":30,"b:188:8:188:38:188:38:188:73":15,"s:189:25:189:Infinity":31,"s:190:23:190:Infinity":32,"s:192:20:192:Infinity":33,"b:193:6:195:Infinity:undefined:undefined:undefined:undefined":16,"s:193:6:195:Infinity":34,"s:194:8:194:Infinity":35,"s:197:25:197:Infinity":36,"s:199:6:209:Infinity":37,"b:201:45:201:Infinity:201:45:201:Infinity":17,"b:201:18:201:32:201:32:201:Infinity":18,"s:213:2:213:Infinity":38,"f:219:16:219:33":3,"s:220:30:220:Infinity":39,"s:222:2:247:Infinity":40,"s:223:23:223:Infinity":41,"s:224:26:224:Infinity":42,"b:226:4:246:Infinity:undefined:undefined:undefined:undefined":19,"s:226:4:246:Infinity":43,"b:226:8:226:42:226:42:226:68":20,"s:227:28:227:Infinity":44,"s:228:23:228:Infinity":45,"b:228:23:228:48:228:48:228:Infinity":21,"s:230:22:230:Infinity":46,"s:231:25:231:Infinity":47,"s:233:6:245:Infinity":48,"s:249:2:249:Infinity":49,"f:255:16:255:38":4,"s:256:30:256:Infinity":50,"s:258:2:279:Infinity":51,"s:259:19:259:Infinity":52,"s:260:22:260:Infinity":53,"s:261:21:261:Infinity":54,"s:262:21:262:Infinity":55,"b:265:4:278:Infinity:undefined:undefined:undefined:undefined":22,"s:265:4:278:Infinity":56,"b:265:8:265:18:265:18:265:33:265:33:265:60:265:60:265:94":23,"s:266:22:266:Infinity":57,"s:267:25:267:Infinity":58,"s:269:6:277:Infinity":59,"s:281:2:281:Infinity":60,"f:287:16:287:41":5,"s:288:30:288:Infinity":61,"s:290:2:320:Infinity":62,"s:291:21:291:Infinity":63,"s:292:23:292:Infinity":64,"b:294:4:319:Infinity:undefined:undefined:undefined:undefined":24,"s:294:4:319:Infinity":65,"b:294:8:294:34:294:34:294:62:294:62:294:76":25,"s:295:20:295:Infinity":66,"b:298:6:318:Infinity:undefined:undefined:undefined:undefined":26,"s:298:6:318:Infinity":67,"b:298:10:298:24:298:24:298:37":27,"s:299:25:299:Infinity":68,"s:300:25:300:Infinity":69,"b:300:25:300:50:300:50:300:Infinity":28,"s:302:24:302:Infinity":70,"s:303:27:303:Infinity":71,"s:305:8:317:Infinity":72,"b:307:43:307:Infinity:307:43:307:Infinity":29,"b:307:20:307:35:307:35:307:Infinity":30,"s:322:2:322:Infinity":73,"f:328:16:328:38":6,"s:329:30:329:Infinity":74,"s:331:2:370:Infinity":75,"s:332:21:332:Infinity":76,"b:334:4:369:Infinity:undefined:undefined:undefined:undefined":31,"s:334:4:369:Infinity":77,"b:334:8:334:33:334:33:334:62":32,"s:335:29:335:Infinity":78,"s:336:30:336:Infinity":79,"s:337:25:337:Infinity":80,"s:339:20:339:Infinity":81,"b:340:6:346:Infinity:undefined:undefined:undefined:undefined":33,"s:340:6:346:Infinity":82,"s:341:8:341:Infinity":83,"b:342:8:344:Infinity:undefined:undefined:undefined:undefined":34,"s:342:8:344:Infinity":84,"s:343:10:343:Infinity":85,"s:345:8:345:Infinity":86,"b:349:6:355:Infinity:351:13:355:Infinity":35,"s:349:6:355:Infinity":87,"b:349:10:349:43:349:43:349:75:349:75:349:109":36,"s:350:8:350:Infinity":88,"b:351:13:355:Infinity:353:13:355:Infinity":37,"s:351:13:355:Infinity":89,"s:352:8:352:Infinity":90,"s:354:8:354:Infinity":91,"s:357:6:368:Infinity":92,"s:372:2:372:Infinity":93,"f:378:16:378:31":7,"s:379:30:379:Infinity":94,"s:381:2:415:Infinity":95,"s:382:21:382:Infinity":96,"b:384:4:414:Infinity:undefined:undefined:undefined:undefined":38,"s:384:4:414:Infinity":97,"b:384:8:384:35:384:35:384:60":39,"s:385:22:385:Infinity":98,"s:386:25:386:Infinity":99,"s:387:26:387:Infinity":100,"s:389:20:389:Infinity":101,"b:390:6:392:Infinity:undefined:undefined:undefined:undefined":40,"s:390:6:392:Infinity":102,"s:391:8:391:Infinity":103,"b:395:6:400:Infinity:398:13:400:Infinity":41,"s:395:6:400:Infinity":104,"b:395:10:395:25:395:25:395:44:395:44:395:56":42,"s:396:27:396:Infinity":105,"s:397:8:397:Infinity":106,"s:399:8:399:Infinity":107,"s:402:6:413:Infinity":108,"s:417:2:417:Infinity":109,"f:424:16:424:37":8,"s:425:30:425:Infinity":110,"s:428:29:432:Infinity":111,"f:428:35:428:Infinity":9,"s:429:9:431:Infinity":112,"b:429:9:429:Infinity:430:9:430:Infinity:431:9:431:Infinity":43,"s:435:26:435:Infinity":113,"f:435:32:435:39":10,"s:435:39:435:60":114,"b:436:2:448:Infinity:undefined:undefined:undefined:undefined":44,"s:436:2:448:Infinity":115,"b:436:6:436:36:436:36:436:88":45,"s:437:4:447:Infinity":116,"s:451:25:455:Infinity":117,"f:451:31:451:Infinity":11,"s:452:9:454:Infinity":118,"b:452:9:452:Infinity:453:9:453:Infinity:454:9:454:Infinity":46,"b:457:2:467:Infinity:undefined:undefined:undefined:undefined":47,"s:457:2:467:Infinity":119,"b:457:6:457:35:457:35:457:63":48,"s:458:4:466:Infinity":120,"f:464:38:464:42":12,"s:464:48:464:103":121,"s:469:2:469:Infinity":122,"f:475:16:475:38":13,"b:476:2:478:Infinity:undefined:undefined:undefined:undefined":49,"s:476:2:478:Infinity":123,"s:477:4:477:Infinity":124,"b:480:2:482:Infinity:undefined:undefined:undefined:undefined":50,"s:480:2:482:Infinity":125,"s:481:4:481:Infinity":126,"b:484:2:486:Infinity:undefined:undefined:undefined:undefined":51,"s:484:2:486:Infinity":127,"b:484:6:484:21:484:21:484:39":52,"s:485:4:485:Infinity":128,"b:488:2:490:Infinity:undefined:undefined:undefined:undefined":53,"s:488:2:490:Infinity":129,"b:488:6:488:45:488:45:488:76":54,"s:489:4:489:Infinity":130,"s:492:2:492:Infinity":131,"f:498:16:498:31":14,"s:500:21:500:Infinity":132,"b:501:2:521:Infinity:undefined:undefined:undefined:undefined":55,"s:501:2:521:Infinity":133,"s:502:4:520:Infinity":134,"b:506:17:506:37:506:37:506:Infinity":56,"s:523:19:523:Infinity":135,"s:524:8:524:Infinity":136,"s:525:26:525:Infinity":137,"f:525:35:525:42":15,"s:525:42:525:63":138,"s:528:30:537:Infinity":139,"s:540:18:545:Infinity":140,"f:541:30:541:37":16,"s:541:42:541:70":141,"f:542:26:542:33":17,"s:542:38:542:62":142,"f:543:25:543:32":18,"s:543:37:543:60":143,"f:544:33:544:40":19,"s:544:45:544:75":144,"s:547:2:557:Infinity":145,"f:563:16:563:28":20,"b:564:2:564:Infinity:undefined:undefined:undefined:undefined":57,"s:564:2:564:Infinity":146,"s:564:36:564:Infinity":147,"s:566:22:566:Infinity":148,"f:566:38:566:43":21,"s:566:48:566:80":149,"s:567:21:567:Infinity":150,"f:567:37:567:42":22,"s:567:47:567:78":151,"b:569:2:569:Infinity:undefined:undefined:undefined:undefined":58,"s:569:2:569:Infinity":152,"b:569:6:569:21:569:21:569:33":59,"s:569:33:569:Infinity":153,"s:570:2:570:Infinity":154}}}
,"/home/tolgabrk/projects/Auto-Company/projects/explain-analyzer/src/parser.ts": {"path":"/home/tolgabrk/projects/Auto-Company/projects/explain-analyzer/src/parser.ts","statementMap":{"0":{"start":{"line":11,"column":4},"end":{"line":11,"column":null}},"1":{"start":{"line":10,"column":38},"end":{"line":10,"column":52}},"2":{"start":{"line":12,"column":4},"end":{"line":12,"column":null}},"3":{"start":{"line":20,"column":2},"end":{"line":35,"column":null}},"4":{"start":{"line":21,"column":19},"end":{"line":21,"column":null}},"5":{"start":{"line":22,"column":4},"end":{"line":24,"column":null}},"6":{"start":{"line":23,"column":6},"end":{"line":23,"column":null}},"7":{"start":{"line":25,"column":4},"end":{"line":27,"column":null}},"8":{"start":{"line":26,"column":6},"end":{"line":26,"column":null}},"9":{"start":{"line":28,"column":4},"end":{"line":28,"column":null}},"10":{"start":{"line":30,"column":4},"end":{"line":30,"column":null}},"11":{"start":{"line":30,"column":42},"end":{"line":30,"column":null}},"12":{"start":{"line":31,"column":4},"end":{"line":34,"column":null}},"13":{"start":{"line":42,"column":8},"end":{"line":42,"column":null}},"14":{"start":{"line":43,"column":2},"end":{"line":43,"column":null}},"15":{"start":{"line":50,"column":2},"end":{"line":61,"column":null}},"16":{"start":{"line":68,"column":28},"end":{"line":68,"column":null}},"17":{"start":{"line":69,"column":2},"end":{"line":73,"column":null}},"18":{"start":{"line":70,"column":4},"end":{"line":72,"column":null}},"19":{"start":{"line":71,"column":6},"end":{"line":71,"column":null}},"20":{"start":{"line":74,"column":2},"end":{"line":74,"column":null}},"21":{"start":{"line":81,"column":2},"end":{"line":81,"column":null}},"22":{"start":{"line":88,"column":2},"end":{"line":88,"column":null}},"23":{"start":{"line":95,"column":2},"end":{"line":95,"column":null}},"24":{"start":{"line":102,"column":2},"end":{"line":102,"column":null}}},"fnMap":{"0":{"name":"constructor","decl":{"start":{"line":10,"column":2},"end":{"line":10,"column":14}},"loc":{"start":{"line":10,"column":52},"end":{"line":13,"column":null}},"line":10},"1":{"name":"parseExplain","decl":{"start":{"line":19,"column":16},"end":{"line":19,"column":29}},"loc":{"start":{"line":19,"column":58},"end":{"line":36,"column":null}},"line":19},"2":{"name":"parseExplainFile","decl":{"start":{"line":41,"column":16},"end":{"line":41,"column":33}},"loc":{"start":{"line":41,"column":62},"end":{"line":44,"column":null}},"line":41},"3":{"name":"extractMetrics","decl":{"start":{"line":49,"column":16},"end":{"line":49,"column":31}},"loc":{"start":{"line":49,"column":47},"end":{"line":62,"column":null}},"line":49},"4":{"name":"collectPlanNodes","decl":{"start":{"line":67,"column":16},"end":{"line":67,"column":33}},"loc":{"start":{"line":67,"column":61},"end":{"line":75,"column":null}},"line":67},"5":{"name":"getRootPlan","decl":{"start":{"line":80,"column":16},"end":{"line":80,"column":28}},"loc":{"start":{"line":80,"column":62},"end":{"line":82,"column":null}},"line":80},"6":{"name":"hasActualData","decl":{"start":{"line":87,"column":16},"end":{"line":87,"column":30}},"loc":{"start":{"line":87,"column":55},"end":{"line":89,"column":null}},"line":87},"7":{"name":"getTotalExecutionTime","decl":{"start":{"line":94,"column":16},"end":{"line":94,"column":38}},"loc":{"start":{"line":94,"column":82},"end":{"line":96,"column":null}},"line":94},"8":{"name":"getPlanningTime","decl":{"start":{"line":101,"column":16},"end":{"line":101,"column":32}},"loc":{"start":{"line":101,"column":76},"end":{"line":103,"column":null}},"line":101}},"branchMap":{"0":{"loc":{"start":{"line":22,"column":4},"end":{"line":24,"column":null}},"type":"if","locations":[{"start":{"line":22,"column":4},"end":{"line":24,"column":null}},{"start":{},"end":{}}],"line":22},"1":{"loc":{"start":{"line":25,"column":4},"end":{"line":27,"column":null}},"type":"if","locations":[{"start":{"line":25,"column":4},"end":{"line":27,"column":null}},{"start":{},"end":{}}],"line":25},"2":{"loc":{"start":{"line":30,"column":4},"end":{"line":30,"column":null}},"type":"if","locations":[{"start":{"line":30,"column":4},"end":{"line":30,"column":null}},{"start":{},"end":{}}],"line":30},"3":{"loc":{"start":{"line":32,"column":23},"end":{"line":32,"column":null}},"type":"cond-expr","locations":[{"start":{"line":32,"column":46},"end":{"line":32,"column":60}},{"start":{"line":32,"column":60},"end":{"line":32,"column":null}}],"line":32},"4":{"loc":{"start":{"line":69,"column":2},"end":{"line":73,"column":null}},"type":"if","locations":[{"start":{"line":69,"column":2},"end":{"line":73,"column":null}},{"start":{},"end":{}}],"line":69}},"s":{"0":0,"1":0,"2":0,"3":0,"4":0,"5":0,"6":0,"7":0,"8":0,"9":0,"10":0,"11":0,"12":0,"13":0,"14":0,"15":0,"16":1,"17":1,"18":0,"19":0,"20":1,"21":0,"22":2,"23":0,"24":0},"f":{"0":0,"1":0,"2":0,"3":0,"4":1,"5":0,"6":2,"7":0,"8":0},"b":{"0":[0,0],"1":[0,0],"2":[0,0],"3":[0,0],"4":[0,1]},"meta":{"lastBranch":5,"lastFunction":9,"lastStatement":25,"seen":{"f:10:2:10:14":0,"s:11:4:11:Infinity":0,"s:10:38:10:52":1,"s:12:4:12:Infinity":2,"f:19:16:19:29":1,"s:20:2:35:Infinity":3,"s:21:19:21:Infinity":4,"b:22:4:24:Infinity:undefined:undefined:undefined:undefined":0,"s:22:4:24:Infinity":5,"s:23:6:23:Infinity":6,"b:25:4:27:Infinity:undefined:undefined:undefined:undefined":1,"s:25:4:27:Infinity":7,"s:26:6:26:Infinity":8,"s:28:4:28:Infinity":9,"b:30:4:30:Infinity:undefined:undefined:undefined:undefined":2,"s:30:4:30:Infinity":10,"s:30:42:30:Infinity":11,"s:31:4:34:Infinity":12,"b:32:46:32:60:32:60:32:Infinity":3,"f:41:16:41:33":2,"s:42:8:42:Infinity":13,"s:43:2:43:Infinity":14,"f:49:16:49:31":3,"s:50:2:61:Infinity":15,"f:67:16:67:33":4,"s:68:28:68:Infinity":16,"b:69:2:73:Infinity:undefined:undefined:undefined:undefined":4,"s:69:2:73:Infinity":17,"s:70:4:72:Infinity":18,"s:71:6:71:Infinity":19,"s:74:2:74:Infinity":20,"f:80:16:80:28":5,"s:81:2:81:Infinity":21,"f:87:16:87:30":6,"s:88:2:88:Infinity":22,"f:94:16:94:38":7,"s:95:2:95:Infinity":23,"f:101:16:101:32":8,"s:102:2:102:Infinity":24}}}
}
